# JRE version: OpenJDK Runtime Environment (11.0.10) (build 11.0.10+0-b96-7249189)
# Java VM: OpenJDK 64-Bit Server VM (11.0.10+0-b96-7249189, mixed mode, tiered, compressed oops, g1 gc, windows-amd64)
Heap:
 garbage-first heap   total 129024K, used 66128K [0x0000000080000000, 0x0000000100000000)
  region size 1024K, 33 young (33792K), 8 survivors (8192K)
 Metaspace       used 52123K, capacity 53569K, committed 53836K, reserved 1095680K
  class space    used 6654K, capacity 7167K, committed 7244K, reserved 1048576K
GC Heap History (16 events):
Event: 0.760 GC heap before
{Heap before GC invocations=0 (full 0):
 garbage-first heap   total 129024K, used 29696K [0x0000000080000000, 0x0000000100000000)
  region size 1024K, 24 young (24576K), 0 survivors (0K)
 Metaspace       used 9803K, capacity 9990K, committed 10112K, reserved 1058816K
  class space    used 1022K, capacity 1102K, committed 1152K, reserved 1048576K
}
Event: 0.766 GC heap after
{Heap after GC invocations=1 (full 0):
 garbage-first heap   total 129024K, used 9398K [0x0000000080000000, 0x0000000100000000)
  region size 1024K, 3 young (3072K), 3 survivors (3072K)
 Metaspace       used 9803K, capacity 9990K, committed 10112K, reserved 1058816K
  class space    used 1022K, capacity 1102K, committed 1152K, reserved 1048576K
}
Event: 2.511 GC heap before
{Heap before GC invocations=1 (full 0):
 garbage-first heap   total 129024K, used 84150K [0x0000000080000000, 0x0000000100000000)
  region size 1024K, 75 young (76800K), 3 survivors (3072K)
 Metaspace       used 17691K, capacity 18154K, committed 18432K, reserved 1064960K
  class space    used 2091K, capacity 2236K, committed 2304K, reserved 1048576K
}
Event: 2.518 GC heap after
{Heap after GC invocations=2 (full 0):
 garbage-first heap   total 129024K, used 15728K [0x0000000080000000, 0x0000000100000000)
  region size 1024K, 10 young (10240K), 10 survivors (10240K)
 Metaspace       used 17691K, capacity 18154K, committed 18432K, reserved 1064960K
  class space    used 2091K, capacity 2236K, committed 2304K, reserved 1048576K
}
Event: 2.798 GC heap before
{Heap before GC invocations=2 (full 0):
 garbage-first heap   total 129024K, used 38256K [0x0000000080000000, 0x0000000100000000)
  region size 1024K, 33 young (33792K), 10 survivors (10240K)
 Metaspace       used 20614K, capacity 21122K, committed 21248K, reserved 1067008K
  class space    used 2521K, capacity 2720K, committed 2816K, reserved 1048576K
}
Event: 2.805 GC heap after
{Heap after GC invocations=3 (full 0):
 garbage-first heap   total 129024K, used 16859K [0x0000000080000000, 0x0000000100000000)
  region size 1024K, 1 young (1024K), 1 survivors (1024K)
 Metaspace       used 20614K, capacity 21122K, committed 21248K, reserved 1067008K
  class space    used 2521K, capacity 2720K, committed 2816K, reserved 1048576K
}
Event: 3.926 GC heap before
{Heap before GC invocations=4 (full 0):
 garbage-first heap   total 129024K, used 84443K [0x0000000080000000, 0x0000000100000000)
  region size 1024K, 67 young (68608K), 1 survivors (1024K)
 Metaspace       used 26785K, capacity 27449K, committed 27648K, reserved 1073152K
  class space    used 3543K, capacity 3793K, committed 3840K, reserved 1048576K
}
Event: 3.930 GC heap after
{Heap after GC invocations=5 (full 0):
 garbage-first heap   total 129024K, used 18868K [0x0000000080000000, 0x0000000100000000)
  region size 1024K, 3 young (3072K), 3 survivors (3072K)
 Metaspace       used 26785K, capacity 27449K, committed 27648K, reserved 1073152K
  class space    used 3543K, capacity 3793K, committed 3840K, reserved 1048576K
}
Event: 5.110 GC heap before
{Heap before GC invocations=5 (full 0):
 garbage-first heap   total 129024K, used 61876K [0x0000000080000000, 0x0000000100000000)
  region size 1024K, 47 young (48128K), 3 survivors (3072K)
 Metaspace       used 35036K, capacity 35834K, committed 35840K, reserved 1081344K
  class space    used 4540K, capacity 4864K, committed 4864K, reserved 1048576K
}
Event: 5.121 GC heap after
{Heap after GC invocations=6 (full 0):
 garbage-first heap   total 129024K, used 21984K [0x0000000080000000, 0x0000000100000000)
  region size 1024K, 6 young (6144K), 6 survivors (6144K)
 Metaspace       used 35036K, capacity 35834K, committed 35840K, reserved 1081344K
  class space    used 4540K, capacity 4864K, committed 4864K, reserved 1048576K
}
Event: 6.613 GC heap before
{Heap before GC invocations=7 (full 0):
 garbage-first heap   total 129024K, used 86496K [0x0000000080000000, 0x0000000100000000)
  region size 1024K, 67 young (68608K), 6 survivors (6144K)
 Metaspace       used 39516K, capacity 40498K, committed 40780K, reserved 1085440K
  class space    used 5055K, capacity 5390K, committed 5452K, reserved 1048576K
}
Event: 6.620 GC heap after
{Heap after GC invocations=8 (full 0):
 garbage-first heap   total 129024K, used 27346K [0x0000000080000000, 0x0000000100000000)
  region size 1024K, 9 young (9216K), 9 survivors (9216K)
 Metaspace       used 39516K, capacity 40498K, committed 40780K, reserved 1085440K
  class space    used 5055K, capacity 5390K, committed 5452K, reserved 1048576K
}
Event: 8.252 GC heap before
{Heap before GC invocations=8 (full 0):
 garbage-first heap   total 129024K, used 88786K [0x0000000080000000, 0x0000000100000000)
  region size 1024K, 69 young (70656K), 9 survivors (9216K)
 Metaspace       used 45123K, capacity 46242K, committed 46412K, reserved 1089536K
  class space    used 5801K, capacity 6192K, committed 6220K, reserved 1048576K
}
Event: 8.261 GC heap after
{Heap after GC invocations=9 (full 0):
 garbage-first heap   total 129024K, used 28944K [0x0000000080000000, 0x0000000100000000)
  region size 1024K, 3 young (3072K), 3 survivors (3072K)
 Metaspace       used 45123K, capacity 46242K, committed 46412K, reserved 1089536K
  class space    used 5801K, capacity 6192K, committed 6220K, reserved 1048576K
}
Event: 9.798 GC heap before
{Heap before GC invocations=9 (full 0):
 garbage-first heap   total 129024K, used 94480K [0x0000000080000000, 0x0000000100000000)
  region size 1024K, 64 young (65536K), 3 survivors (3072K)
 Metaspace       used 48611K, capacity 50020K, committed 50380K, reserved 1093632K
  class space    used 6221K, capacity 6729K, committed 6860K, reserved 1048576K
}
Event: 9.804 GC heap after
{Heap after GC invocations=10 (full 0):
 garbage-first heap   total 129024K, used 41552K [0x0000000080000000, 0x0000000100000000)
  region size 1024K, 8 young (8192K), 8 survivors (8192K)
 Metaspace       used 48611K, capacity 50020K, committed 50380K, reserved 1093632K
  class space    used 6221K, capacity 6729K, committed 6860K, reserved 1048576K
}

